<?xml version="1.0" encoding="UTF-8"?>
<!-- Generated by org.testng.reporters.JUnitXMLReporter -->
<testsuite ignored="0" hostname="INLEN8520088243" failures="0" tests="10" name="Default test" time="97.924" errors="0" timestamp="2023-07-06T11:14:42 IST">
  <testcase classname="com.test_cases.TC_003_Validate_From_Filling" name="fromDetails" time="11.94"/>
  <testcase classname="com.test_cases.TC_003_Validate_From_Filling" name="fromDetails" time="9.879"/>
  <testcase classname="com.test_cases.TC_003_Validate_From_Filling" name="fromDetails" time="9.879"/>
  <testcase classname="com.test_cases.TC_003_Validate_From_Filling" name="fromDetails" time="9.6"/>
  <testcase classname="com.test_cases.TC_003_Validate_From_Filling" name="fromDetails" time="8.849"/>
  <testcase classname="com.test_cases.TC_003_Validate_From_Filling" name="fromDetails" time="9.332"/>
  <testcase classname="com.test_cases.TC_003_Validate_From_Filling" name="fromDetails" time="8.695"/>
  <testcase classname="com.test_cases.TC_003_Validate_From_Filling" name="fromDetails" time="10.702"/>
  <testcase classname="com.test_cases.TC_003_Validate_From_Filling" name="fromDetails" time="9.701"/>
  <testcase classname="com.test_cases.TC_003_Validate_From_Filling" name="fromDetails" time="8.685"/>
</testsuite> <!-- Default test -->
